[debug] [2021-08-28T13:23:21.874Z] ----------------------------------------------------------------------
[debug] [2021-08-28T13:23:21.876Z] Command:       C:\Program Files\nodejs\node.exe C:\Users\Youcode\AppData\Roaming\npm\node_modules\firebase-tools\lib\bin\firebase.js init
[debug] [2021-08-28T13:23:21.876Z] CLI Version:   9.16.6
[debug] [2021-08-28T13:23:21.876Z] Platform:      win32
[debug] [2021-08-28T13:23:21.876Z] Node Version:  v14.17.0
[debug] [2021-08-28T13:23:21.877Z] Time:          Sat Aug 28 2021 14:23:21 GMT+0100 (UTC+01:00)
[debug] [2021-08-28T13:23:21.878Z] ----------------------------------------------------------------------
[debug] 
[debug] [2021-08-28T13:23:21.886Z] > command requires scopes: ["email","openid","https://www.googleapis.com/auth/cloudplatformprojects.readonly","https://www.googleapis.com/auth/firebase","https://www.googleapis.com/auth/cloud-platform"]
[debug] [2021-08-28T13:23:21.886Z] > authorizing via signed-in user (aymanebenhima@gmail.com)
[info] 
     ######## #### ########  ######## ########     ###     ######  ########
     ##        ##  ##     ## ##       ##     ##  ##   ##  ##       ##
     ######    ##  ########  ######   ########  #########  ######  ######
     ##        ##  ##    ##  ##       ##     ## ##     ##       ## ##
     ##       #### ##     ## ######## ########  ##     ##  ######  ########

You're about to initialize a Firebase project in this directory:

  C:\laragon\www\vue-projects\keeper-app

Before we get started, keep in mind:

  * You are currently outside your home directory

[info] 
=== Project Setup
[info] 
[info] First, let's associate this project directory with a Firebase project.
[info] You can create multiple project aliases by running firebase use --add, 
[info] but for now we'll just set up a default project.
[info] 
[debug] [2021-08-28T13:26:51.140Z] >>> [apiv2][query] GET https://firebase.googleapis.com/v1beta1/projects pageSize=100
[debug] [2021-08-28T13:26:51.688Z] <<< [apiv2][status] GET https://firebase.googleapis.com/v1beta1/projects 200
[debug] [2021-08-28T13:26:51.689Z] <<< [apiv2][body] GET https://firebase.googleapis.com/v1beta1/projects [omitted]
[info] i  Using project keeper-aymendev (keeper-app) 
[info] 
=== Firestore Setup
[debug] [2021-08-28T13:26:59.132Z] > refreshing access token with scopes: ["email","https://www.googleapis.com/auth/cloud-platform","https://www.googleapis.com/auth/cloudplatformprojects.readonly","https://www.googleapis.com/auth/firebase","openid"]
[debug] [2021-08-28T13:26:59.132Z] >>> HTTP REQUEST POST https://www.googleapis.com/oauth2/v3/token  
 <request body omitted>
[debug] [2021-08-28T13:26:59.487Z] <<< HTTP RESPONSE 200 {"cache-control":"no-cache, no-store, max-age=0, must-revalidate","date":"Sat, 28 Aug 2021 13:26:59 GMT","pragma":"no-cache","expires":"Mon, 01 Jan 1990 00:00:00 GMT","content-type":"application/json; charset=utf-8","vary":"X-Origin, Referer, Origin,Accept-Encoding","server":"scaffolding on HTTPServer2","x-xss-protection":"0","x-frame-options":"SAMEORIGIN","x-content-type-options":"nosniff","alt-svc":"h3=\":443\"; ma=2592000,h3-29=\":443\"; ma=2592000,h3-T051=\":443\"; ma=2592000,h3-Q050=\":443\"; ma=2592000,h3-Q046=\":443\"; ma=2592000,h3-Q043=\":443\"; ma=2592000,quic=\":443\"; ma=2592000; v=\"46,43\"","accept-ranges":"none","transfer-encoding":"chunked"}
[debug] [2021-08-28T13:26:59.518Z] >>> HTTP REQUEST GET https://serviceusage.googleapis.com/v1/projects/keeper-aymendev/services/firestore.googleapis.com  
 
[debug] [2021-08-28T13:27:00.778Z] <<< HTTP RESPONSE 200 {"content-type":"application/json; charset=UTF-8","vary":"X-Origin, Referer, Origin,Accept-Encoding","date":"Sat, 28 Aug 2021 13:27:00 GMT","server":"ESF","cache-control":"private","x-xss-protection":"0","x-frame-options":"SAMEORIGIN","x-content-type-options":"nosniff","alt-svc":"h3=\":443\"; ma=2592000,h3-29=\":443\"; ma=2592000,h3-T051=\":443\"; ma=2592000,h3-Q050=\":443\"; ma=2592000,h3-Q046=\":443\"; ma=2592000,h3-Q043=\":443\"; ma=2592000,quic=\":443\"; ma=2592000; v=\"46,43\"","accept-ranges":"none","transfer-encoding":"chunked"}
[debug] [2021-08-28T13:27:00.779Z] >>> HTTP REQUEST GET https://appengine.googleapis.com/v1/apps/keeper-aymendev  
 
[debug] [2021-08-28T13:27:01.418Z] <<< HTTP RESPONSE 200 {"content-type":"application/json; charset=UTF-8","vary":"X-Origin, Referer, Origin,Accept-Encoding","date":"Sat, 28 Aug 2021 13:27:01 GMT","server":"ESF","cache-control":"private","x-xss-protection":"0","x-frame-options":"SAMEORIGIN","x-content-type-options":"nosniff","alt-svc":"h3=\":443\"; ma=2592000,h3-29=\":443\"; ma=2592000,h3-T051=\":443\"; ma=2592000,h3-Q050=\":443\"; ma=2592000,h3-Q046=\":443\"; ma=2592000,h3-Q043=\":443\"; ma=2592000,quic=\":443\"; ma=2592000; v=\"46,43\"","accept-ranges":"none","transfer-encoding":"chunked"}
[debug] [2021-08-28T13:27:01.419Z] database_type: CLOUD_FIRESTORE
[debug] [2021-08-28T13:27:01.421Z] > command requires scopes: ["email","openid","https://www.googleapis.com/auth/cloudplatformprojects.readonly","https://www.googleapis.com/auth/firebase","https://www.googleapis.com/auth/cloud-platform"]
[debug] [2021-08-28T13:27:01.422Z] > authorizing via signed-in user (aymanebenhima@gmail.com)
[debug] [2021-08-28T13:27:01.422Z] [iam] checking project keeper-aymendev for permissions ["firebase.projects.get"]
[debug] [2021-08-28T13:27:01.423Z] >>> HTTP REQUEST POST https://cloudresourcemanager.googleapis.com/v1/projects/keeper-aymendev:testIamPermissions  
 {"permissions":["firebase.projects.get"]}
[debug] [2021-08-28T13:27:02.421Z] <<< HTTP RESPONSE 200 {"content-type":"application/json; charset=UTF-8","vary":"X-Origin, Referer, Origin,Accept-Encoding","date":"Sat, 28 Aug 2021 13:27:02 GMT","server":"ESF","cache-control":"private","x-xss-protection":"0","x-frame-options":"SAMEORIGIN","x-content-type-options":"nosniff","server-timing":"gfet4t7; dur=701","alt-svc":"h3=\":443\"; ma=2592000,h3-29=\":443\"; ma=2592000,h3-T051=\":443\"; ma=2592000,h3-Q050=\":443\"; ma=2592000,h3-Q046=\":443\"; ma=2592000,h3-Q043=\":443\"; ma=2592000,quic=\":443\"; ma=2592000; v=\"46,43\"","accept-ranges":"none","transfer-encoding":"chunked"}
[info] 
[info] Firestore Security Rules allow you to define how and when to allow
[info] requests. You can keep these rules in your project directory
[info] and publish them with firebase deploy.
[info] 
[debug] [2021-08-28T13:27:10.102Z] >>> HTTP REQUEST GET https://firebaserules.googleapis.com/v1/projects/keeper-aymendev/releases?pageSize=10&pageToken=  
 
[debug] [2021-08-28T13:27:11.040Z] <<< HTTP RESPONSE 200 {"content-type":"application/json; charset=UTF-8","vary":"X-Origin, Referer, Origin,Accept-Encoding","date":"Sat, 28 Aug 2021 13:27:10 GMT","server":"ESF","cache-control":"private","x-xss-protection":"0","x-frame-options":"SAMEORIGIN","x-content-type-options":"nosniff","alt-svc":"h3=\":443\"; ma=2592000,h3-29=\":443\"; ma=2592000,h3-T051=\":443\"; ma=2592000,h3-Q050=\":443\"; ma=2592000,h3-Q046=\":443\"; ma=2592000,h3-Q043=\":443\"; ma=2592000,quic=\":443\"; ma=2592000; v=\"46,43\"","accept-ranges":"none","transfer-encoding":"chunked"}
[debug] [2021-08-28T13:27:11.041Z] Found ruleset: projects/keeper-aymendev/rulesets/0dc4fd64-876b-4b05-81f2-f5afca3359bc
[debug] [2021-08-28T13:27:11.042Z] >>> HTTP REQUEST GET https://firebaserules.googleapis.com/v1/projects/keeper-aymendev/rulesets/0dc4fd64-876b-4b05-81f2-f5afca3359bc  
 
[debug] [2021-08-28T13:27:11.866Z] <<< HTTP RESPONSE 200 {"content-type":"application/json; charset=UTF-8","vary":"X-Origin, Referer, Origin,Accept-Encoding","date":"Sat, 28 Aug 2021 13:27:11 GMT","server":"ESF","cache-control":"private","x-xss-protection":"0","x-frame-options":"SAMEORIGIN","x-content-type-options":"nosniff","alt-svc":"h3=\":443\"; ma=2592000,h3-29=\":443\"; ma=2592000,h3-T051=\":443\"; ma=2592000,h3-Q050=\":443\"; ma=2592000,h3-Q046=\":443\"; ma=2592000,h3-Q043=\":443\"; ma=2592000,quic=\":443\"; ma=2592000; v=\"46,43\"","accept-ranges":"none","transfer-encoding":"chunked"}
[info] 
[info] Firestore indexes allow you to perform complex queries while
[info] maintaining performance that scales with the size of the result
[info] set. You can keep index definitions in your project directory
[info] and publish them with firebase deploy.
[info] 
[debug] [2021-08-28T13:27:18.977Z] >>> HTTP REQUEST GET https://firestore.googleapis.com/v1/projects/keeper-aymendev/databases/(default)/collectionGroups/-/indexes  
 
[debug] [2021-08-28T13:27:18.978Z] >>> HTTP REQUEST GET https://firestore.googleapis.com/v1/projects/keeper-aymendev/databases/(default)/collectionGroups/-/fields?filter=indexConfig.usesAncestorConfig=false  
 
[debug] [2021-08-28T13:27:20.053Z] <<< HTTP RESPONSE 200 {"content-type":"application/json; charset=UTF-8","vary":"X-Origin, Referer, Origin,Accept-Encoding","date":"Sat, 28 Aug 2021 13:27:19 GMT","server":"ESF","cache-control":"private","x-xss-protection":"0","x-frame-options":"SAMEORIGIN","x-content-type-options":"nosniff","alt-svc":"h3=\":443\"; ma=2592000,h3-29=\":443\"; ma=2592000,h3-T051=\":443\"; ma=2592000,h3-Q050=\":443\"; ma=2592000,h3-Q046=\":443\"; ma=2592000,h3-Q043=\":443\"; ma=2592000,quic=\":443\"; ma=2592000; v=\"46,43\"","accept-ranges":"none","transfer-encoding":"chunked"}
[debug] [2021-08-28T13:27:20.082Z] <<< HTTP RESPONSE 200 {"content-type":"application/json; charset=UTF-8","vary":"X-Origin, Referer, Origin,Accept-Encoding","date":"Sat, 28 Aug 2021 13:27:20 GMT","server":"ESF","cache-control":"private","x-xss-protection":"0","x-frame-options":"SAMEORIGIN","x-content-type-options":"nosniff","alt-svc":"h3=\":443\"; ma=2592000,h3-29=\":443\"; ma=2592000,h3-T051=\":443\"; ma=2592000,h3-Q050=\":443\"; ma=2592000,h3-Q046=\":443\"; ma=2592000,h3-Q043=\":443\"; ma=2592000,quic=\":443\"; ma=2592000; v=\"46,43\"","accept-ranges":"none","transfer-encoding":"chunked"}
[info] 
=== Hosting Setup
[info] 
[info] Your public directory is the folder (relative to your project directory) that
[info] will contain Hosting assets to be uploaded with firebase deploy. If you
[info] have a build process for your assets, use your build's output directory.
[info] 
[debug] [2021-08-28T13:28:33.767Z] >>> [apiv2][query] GET https://www.gstatic.com/firebasejs/releases.json [none]
[debug] [2021-08-28T13:28:34.024Z] <<< [apiv2][status] GET https://www.gstatic.com/firebasejs/releases.json 200
[debug] [2021-08-28T13:28:34.025Z] <<< [apiv2][body] GET https://www.gstatic.com/firebasejs/releases.json {"current":{"version":"9.0.0","browserURLCompat":"https://www.gstatic.com/firebasejs/9.0.0/firebase-compat.js","packageURL":"https://www.gstatic.com/firebasejs/9.0.0/firebase.tgz"},"live":{"version":"9.0","browserURLCompat":"https://www.gstatic.com/firebasejs/live/9.0/firebase-compat.js","packageURL":"https://www.gstatic.com/firebasejs/live/9.0/firebase.tgz"},"components":{"analytics":"https://www.gstatic.com/firebasejs/9.0.0/firebase-analytics.js","app":"https://www.gstatic.com/firebasejs/9.0.0/firebase-app.js","app-check":"https://www.gstatic.com/firebasejs/9.0.0/firebase-app-check.js","auth":"https://www.gstatic.com/firebasejs/9.0.0/firebase-auth.js","functions":"https://www.gstatic.com/firebasejs/9.0.0/firebase-functions.js","firestore":"https://www.gstatic.com/firebasejs/9.0.0/firebase-firestore.js","storage":"https://www.gstatic.com/firebasejs/9.0.0/firebase-storage.js","performance":"https://www.gstatic.com/firebasejs/9.0.0/firebase-performance.js","remote-config":"https://www.gstatic.com/firebasejs/9.0.0/firebase-remote-config.js","messaging":"https://www.gstatic.com/firebasejs/9.0.0/firebase-messaging.js","database":"https://www.gstatic.com/firebasejs/9.0.0/firebase-database.js","app-compat":"https://www.gstatic.com/firebasejs/9.0.0/firebase-app-compat.js","analytics-compat":"https://www.gstatic.com/firebasejs/9.0.0/firebase-analytics-compat.js","app-check-compat":"https://www.gstatic.com/firebasejs/9.0.0/firebase-app-check-compat.js","auth-compat":"https://www.gstatic.com/firebasejs/9.0.0/firebase-auth-compat.js","functions-compat":"https://www.gstatic.com/firebasejs/9.0.0/firebase-functions-compat.js","messaging-compat":"https://www.gstatic.com/firebasejs/9.0.0/firebase-messaging-compat.js","performance-compat":"https://www.gstatic.com/firebasejs/9.0.0/firebase-performance-compat.js","remote-config-compat":"https://www.gstatic.com/firebasejs/9.0.0/firebase-remote-config-compat.js","firestore-compat":"https://www.gstatic.com/firebasejs/9.0.0/firebase-firestore-compat.js","storage-compat":"https://www.gstatic.com/firebasejs/9.0.0/firebase-storage-compat.js","database-compat":"https://www.gstatic.com/firebasejs/9.0.0/firebase-database-compat.js","firestore-lite":"https://www.gstatic.com/firebasejs/9.0.0/firebase-firestore-lite.js","messaging-sw":"https://www.gstatic.com/firebasejs/9.0.0/firebase-messaging-sw.js","auth-cordova":"https://www.gstatic.com/firebasejs/9.0.0/firebase-auth-cordova.js","auth-react-native":"https://www.gstatic.com/firebasejs/9.0.0/firebase-auth-react-native.js","performance-standalone":"https://www.gstatic.com/firebasejs/9.0.0/firebase-performance-standalone.js","performance-standalone-compat":"https://www.gstatic.com/firebasejs/9.0.0/firebase-performance-standalone-compat.js"}}
[info] +  Wrote dist/index.html 
[info] 
[info] i  Detected a .git folder at C:\laragon\www\vue-projects\keeper-app 
[info] i  Authorizing with GitHub to upload your service account to a GitHub repository's secrets store. 
[info] 
[info] Visit this URL on this device to log in:
[info] https://github.com/login/oauth/authorize?client_id=89cf50f02ac6aaed3484&state=1024279159&redirect_uri=http%3A%2F%2Flocalhost%3A9005&scope=read%3Auser%20repo%20public_repo
[info] 
[info] Waiting for authentication...
[debug] [2021-08-28T13:28:42.982Z] >>> HTTP REQUEST POST https://github.com/login/oauth/access_token  
 {"client_id":"89cf50f02ac6aaed3484","client_secret":"3330d14abc895d9a74d5f17cd7a00711fa2c5bf0","code":"c261ee38928b77a96d39","redirect_uri":"http://localhost:9005","state":"1024279159"}
[debug] [2021-08-28T13:28:43.396Z] <<< HTTP RESPONSE 200 {"server":"GitHub.com","date":"Sat, 28 Aug 2021 13:28:43 GMT","content-type":"application/json; charset=utf-8","transfer-encoding":"chunked","vary":"X-PJAX, X-PJAX-Container, Accept-Encoding, Accept, X-Requested-With","permissions-policy":"interest-cohort=()","etag":"W/\"b1f0b062c5d4e5ac1c70cb0cf9a828f6\"","cache-control":"max-age=0, private, must-revalidate","strict-transport-security":"max-age=31536000; includeSubdomains; preload","x-frame-options":"deny","x-content-type-options":"nosniff","x-xss-protection":"0","referrer-policy":"origin-when-cross-origin, strict-origin-when-cross-origin","expect-ct":"max-age=2592000, report-uri=\"https://api.github.com/_private/browser/errors\"","content-security-policy":"default-src 'none'; base-uri 'self'; block-all-mixed-content; connect-src 'self' uploads.github.com www.githubstatus.com collector.githubapp.com api.github.com github-cloud.s3.amazonaws.com github-production-repository-file-5c1aeb.s3.amazonaws.com github-production-upload-manifest-file-7fdce7.s3.amazonaws.com github-production-user-asset-6210df.s3.amazonaws.com cdn.optimizely.com logx.optimizely.com/v1/events translator.github.com wss://alive.github.com; font-src github.githubassets.com; form-action 'self' github.com gist.github.com; frame-ancestors 'none'; frame-src render.githubusercontent.com viewscreen.githubusercontent.com; img-src 'self' data: github.githubassets.com identicons.github.com collector.githubapp.com github-cloud.s3.amazonaws.com secured-user-images.githubusercontent.com/ *.githubusercontent.com; manifest-src 'self'; media-src 'none'; script-src github.githubassets.com; style-src 'unsafe-inline' github.githubassets.com; worker-src github.com/socket-worker-b05e50fc.js gist.github.com/socket-worker-b05e50fc.js","x-github-request-id":"E189:3925:224E6DA:24A7F5D:612A3A0B"}
[debug] [2021-08-28T13:28:43.400Z] >>> [apiv2][query] GET https://api.github.com/user [none]
[debug] [2021-08-28T13:28:44.096Z] <<< [apiv2][status] GET https://api.github.com/user 200
[debug] [2021-08-28T13:28:44.096Z] <<< [apiv2][body] GET https://api.github.com/user {"login":"aymanebenhima","id":17283908,"node_id":"MDQ6VXNlcjE3MjgzOTA4","avatar_url":"https://avatars.githubusercontent.com/u/17283908?v=4","gravatar_id":"","url":"https://api.github.com/users/aymanebenhima","html_url":"https://github.com/aymanebenhima","followers_url":"https://api.github.com/users/aymanebenhima/followers","following_url":"https://api.github.com/users/aymanebenhima/following{/other_user}","gists_url":"https://api.github.com/users/aymanebenhima/gists{/gist_id}","starred_url":"https://api.github.com/users/aymanebenhima/starred{/owner}{/repo}","subscriptions_url":"https://api.github.com/users/aymanebenhima/subscriptions","organizations_url":"https://api.github.com/users/aymanebenhima/orgs","repos_url":"https://api.github.com/users/aymanebenhima/repos","events_url":"https://api.github.com/users/aymanebenhima/events{/privacy}","received_events_url":"https://api.github.com/users/aymanebenhima/received_events","type":"User","site_admin":false,"name":"AYMANE BENHIMA","company":"Youcode","blog":"https://aymendev.me","location":"Morocco","email":"aymanebenhima@gmail.com","hireable":true,"bio":"\r\n    let me = {\r\n \"full name\" : \"Aymane Benhima\",\r\n \"age\" : 27,\r\n \"job\" : \"Full Stack Web Developer\",\r\n\"level\" : \"Intermediate\",\r\n\"hobbies\" : \"slaying bugs\"\r\n}","twitter_username":"aymanebenhima","public_repos":64,"public_gists":0,"followers":22,"following":40,"created_at":"2016-02-17T01:34:57Z","updated_at":"2021-08-28T13:28:39Z","private_gists":0,"total_private_repos":7,"owned_private_repos":6,"disk_usage":213986,"collaborators":1,"two_factor_authentication":false,"plan":{"name":"free","space":976562499,"collaborators":0,"private_repos":10000}}
[info] 
[info] +  Success! Logged into GitHub as aymanebenhima 
[info] 
